TN:
SF:src/chess/add-units.ts
FN:3,createLocationToUnitSqIdxs
FN:9,(anonymous_1)
FN:10,(anonymous_2)
FN:22,getAddUnitByLoc
FN:32,getAddUnitByLocPrioVert
FN:39,(anonymous_5)
FN:41,(anonymous_6)
FN:48,(anonymous_7)
FN:49,(anonymous_8)
FN:62,getAllPossibleUnits
FN:74,getUnitUsingIdx
FNF:11
FNH:9
FNDA:2,createLocationToUnitSqIdxs
FNDA:20,(anonymous_1)
FNDA:200,(anonymous_2)
FNDA:0,getAddUnitByLoc
FNDA:72,getAddUnitByLocPrioVert
FNDA:72,(anonymous_5)
FNDA:72,(anonymous_6)
FNDA:72,(anonymous_7)
FNDA:72,(anonymous_8)
FNDA:72,getAllPossibleUnits
FNDA:0,getUnitUsingIdx
DA:1,1
DA:3,1
DA:8,2
DA:9,2
DA:10,20
DA:11,200
DA:12,128
DA:14,72
DA:15,72
DA:16,72
DA:19,2
DA:23,0
DA:24,0
DA:26,0
DA:27,0
DA:29,0
DA:33,72
DA:34,40
DA:36,32
DA:39,1
DA:40,72
DA:41,72
DA:42,72
DA:43,0
DA:45,72
DA:48,1
DA:49,72
DA:50,72
DA:51,72
DA:52,0
DA:54,72
DA:55,72
DA:56,0
DA:58,72
DA:63,72
DA:64,72
DA:66,0
DA:75,0
DA:76,0
DA:77,0
DA:78,0
DA:81,0
LF:42
LH:28
BRDA:11,0,0,128
BRDA:23,1,0,0
BRDA:23,2,0,0
BRDA:23,2,1,0
BRDA:26,3,0,0
BRDA:33,4,0,40
BRDA:33,5,0,72
BRDA:33,5,1,52
BRDA:42,6,0,0
BRDA:51,7,0,0
BRDA:55,8,0,0
BRDA:63,9,0,72
BRDA:63,10,0,72
BRDA:63,10,1,72
BRF:14
BRH:7
end_of_record
TN:
SF:src/chess/board.ts
FN:21,fenToBoard
FN:38,createBoard
FN:64,numNonExistentColsLeftN
FN:67,(anonymous_3)
FN:72,numNonExistentColsRightN
FN:75,(anonymous_5)
FN:80,addNesPaddingToRows
FN:86,(anonymous_7)
FN:91,addLRNesPaddingToRow
FN:105,(anonymous_9)
FN:123,addTBNesPaddingToRows
FN:138,(anonymous_11)
FNF:12
FNH:12
FNDA:2,fenToBoard
FNDA:2,createBoard
FNDA:2,numNonExistentColsLeftN
FNDA:16,(anonymous_3)
FNDA:2,numNonExistentColsRightN
FNDA:16,(anonymous_5)
FNDA:2,addNesPaddingToRows
FNDA:16,(anonymous_7)
FNDA:16,addLRNesPaddingToRow
FNDA:128,(anonymous_9)
FNDA:2,addTBNesPaddingToRows
FNDA:16,(anonymous_11)
DA:1,1
DA:8,1
DA:19,1
DA:21,1
DA:28,2
DA:29,2
DA:50,2
DA:56,2
DA:57,2
DA:65,2
DA:66,2
DA:67,16
DA:69,2
DA:73,2
DA:74,2
DA:75,16
DA:77,2
DA:86,16
DA:87,2
DA:88,2
DA:92,16
DA:93,16
DA:94,16
DA:95,16
DA:96,16
DA:97,0
DA:99,16
DA:105,16
DA:106,128
DA:108,16
DA:109,16
DA:110,16
DA:111,16
DA:112,0
DA:114,16
DA:120,16
DA:124,2
DA:125,2
DA:126,2
DA:127,2
DA:128,2
DA:130,2
DA:131,2
DA:132,2
DA:133,0
DA:135,2
DA:138,2
DA:139,16
DA:142,2
DA:143,2
DA:144,2
DA:145,0
DA:147,2
DA:149,2
LF:54
LH:50
BRDA:96,0,0,0
BRDA:111,1,0,0
BRDA:132,2,0,0
BRDA:144,3,0,0
BRF:4
BRH:0
end_of_record
TN:
SF:src/chess/extra.ts
FN:3,fenToTurn
FN:11,fenToCastlingRights
FN:30,fenToEnPassantTarget
FN:41,fenToHalfmoveClock
FN:49,fenToFullmoveNumber
FNF:5
FNH:5
FNDA:2,fenToTurn
FNDA:2,fenToCastlingRights
FNDA:2,fenToEnPassantTarget
FNDA:2,fenToHalfmoveClock
FNDA:2,fenToFullmoveNumber
DA:3,1
DA:4,2
DA:5,2
DA:6,0
DA:8,2
DA:11,1
DA:12,2
DA:13,2
DA:14,0
DA:21,2
DA:22,2
DA:30,1
DA:31,2
DA:32,2
DA:33,0
DA:35,2
DA:36,2
DA:38,0
DA:41,1
DA:42,2
DA:43,2
DA:44,0
DA:46,2
DA:49,1
DA:50,2
DA:51,2
DA:52,0
DA:54,2
LF:28
LH:22
BRDA:5,0,0,0
BRDA:13,1,0,0
BRDA:32,2,0,0
BRDA:35,3,0,2
BRDA:43,4,0,0
BRDA:51,5,0,0
BRF:6
BRH:1
end_of_record
TN:
SF:src/chess/index.ts
FN:30,(anonymous_0)
FN:52,(anonymous_1)
FN:57,(anonymous_2)
FN:62,(anonymous_3)
FN:67,(anonymous_4)
FN:71,(anonymous_5)
FN:75,(anonymous_6)
FN:87,(anonymous_7)
FN:89,(anonymous_8)
FN:98,(anonymous_9)
FN:108,(anonymous_10)
FN:128,(anonymous_11)
FNF:12
FNH:8
FNDA:2,(anonymous_0)
FNDA:0,(anonymous_1)
FNDA:0,(anonymous_2)
FNDA:0,(anonymous_3)
FNDA:0,(anonymous_4)
FNDA:2,(anonymous_5)
FNDA:2,(anonymous_6)
FNDA:2,(anonymous_7)
FNDA:20,(anonymous_8)
FNDA:16,(anonymous_9)
FNDA:160,(anonymous_10)
FNDA:2,(anonymous_11)
DA:1,1
DA:10,1
DA:11,1
DA:18,1
DA:20,1
DA:28,2
DA:37,2
DA:44,2
DA:45,2
DA:46,2
DA:47,2
DA:48,2
DA:49,2
DA:54,0
DA:59,0
DA:64,0
DA:68,0
DA:72,2
DA:76,2
DA:77,2
DA:78,2
DA:79,2
DA:80,2
DA:81,2
DA:82,0
DA:84,2
DA:88,2
DA:89,2
DA:90,20
DA:91,4
DA:93,16
DA:95,2
DA:99,16
DA:100,16
DA:101,2
DA:103,16
DA:104,16
DA:105,16
DA:107,16
DA:108,16
DA:109,160
DA:110,16
DA:112,160
DA:113,64
DA:115,96
DA:116,9
DA:117,9
DA:119,96
DA:122,16
DA:123,0
DA:125,16
DA:129,2
DA:130,2
DA:132,0
LF:54
LH:47
BRDA:31,0,0,0
BRDA:77,1,0,2
BRDA:78,2,0,2
BRDA:79,3,0,2
BRDA:80,4,0,2
BRDA:81,5,0,0
BRDA:90,6,0,4
BRDA:100,7,0,2
BRDA:104,8,0,16
BRDA:109,9,0,16
BRDA:109,10,0,160
BRDA:109,10,1,160
BRDA:112,11,0,64
BRDA:112,11,1,96
BRDA:115,12,0,9
BRDA:122,13,0,0
BRDA:129,14,0,2
BRF:17
BRH:14
end_of_record
TN:
SF:src/chess/squares.ts
FN:9,modifiedFenToRawRows
FN:17,(anonymous_1)
FN:25,(anonymous_2)
FN:60,getFenStartRowIdx
FN:61,(anonymous_4)
FN:66,getFenStartColIdx
FN:85,getColumnNotation
FN:92,getFenColIdx
FN:100,createLocationToIdx
FN:103,(anonymous_9)
FN:104,(anonymous_10)
FN:115,areAllSqNonExistent
FN:116,(anonymous_12)
FN:119,numNonExistentRowsTopN
FN:123,numNonExistentRowsBottomN
FN:127,nonExistentRow
FNF:16
FNH:16
FNDA:2,modifiedFenToRawRows
FNDA:16,(anonymous_1)
FNDA:73,(anonymous_2)
FNDA:2,getFenStartRowIdx
FNDA:16,(anonymous_4)
FNDA:16,getFenStartColIdx
FNDA:200,getColumnNotation
FNDA:34,getFenColIdx
FNDA:2,createLocationToIdx
FNDA:20,(anonymous_9)
FNDA:200,(anonymous_10)
FNDA:28,areAllSqNonExistent
FNDA:80,(anonymous_12)
FNDA:2,numNonExistentRowsTopN
FNDA:2,numNonExistentRowsBottomN
FNDA:4,nonExistentRow
DA:1,1
DA:9,1
DA:11,2
DA:12,2
DA:14,2
DA:15,2
DA:17,2
DA:18,16
DA:19,16
DA:21,16
DA:22,16
DA:25,16
DA:26,73
DA:27,9
DA:28,9
DA:29,64
DA:34,64
DA:36,64
DA:37,0
DA:42,0
DA:44,64
DA:49,64
DA:53,16
DA:54,16
DA:57,2
DA:60,1
DA:61,16
DA:62,2
DA:63,0
DA:67,16
DA:68,16
DA:70,0
DA:71,0
DA:72,0
DA:74,0
DA:75,0
DA:76,0
DA:77,0
DA:78,0
DA:80,0
DA:82,0
DA:85,1
DA:86,200
DA:87,20
DA:89,180
DA:92,1
DA:93,34
DA:94,34
DA:95,32
DA:97,2
DA:100,1
DA:101,2
DA:103,2
DA:104,20
DA:105,200
DA:112,2
DA:115,1
DA:116,80
DA:119,1
DA:120,2
DA:123,1
DA:124,2
DA:127,1
DA:128,4
DA:129,4
DA:130,40
DA:131,40
DA:137,4
LF:68
LH:55
BRDA:19,0,0,0
BRDA:26,1,0,9
BRDA:26,1,1,64
BRDA:36,2,0,0
BRDA:36,2,1,64
BRDA:62,3,0,2
BRDA:68,4,0,16
BRDA:68,5,0,16
BRDA:68,5,1,0
BRDA:72,6,0,0
BRDA:76,7,0,0
BRDA:86,8,0,20
BRDA:94,9,0,32
BRF:13
BRH:8
end_of_record
TN:
SF:src/chess/types.ts
FN:44,(anonymous_0)
FN:49,(anonymous_1)
FNF:2
FNH:2
FNDA:1,(anonymous_0)
FNDA:1,(anonymous_1)
DA:1,1
DA:2,1
DA:44,1
DA:45,1
DA:46,1
DA:49,1
DA:50,1
DA:51,1
DA:52,1
DA:53,1
LF:10
LH:10
BRDA:44,0,0,1
BRDA:44,0,1,1
BRDA:49,1,0,1
BRDA:49,1,1,1
BRF:4
BRH:4
end_of_record
