TN:
SF:src/chess/add-units.ts
FN:3,createLocationToUnitSqIdxs
FN:9,(anonymous_1)
FN:10,(anonymous_2)
FN:22,getAddUnitByLoc
FN:32,getAddUnitByLocPrioVert
FN:39,(anonymous_5)
FN:41,(anonymous_6)
FN:48,(anonymous_7)
FN:49,(anonymous_8)
FN:62,getAllPossibleUnits
FN:74,getUnitUsingIdx
FNF:11
FNH:9
FNDA:2,createLocationToUnitSqIdxs
FNDA:20,(anonymous_1)
FNDA:200,(anonymous_2)
FNDA:0,getAddUnitByLoc
FNDA:72,getAddUnitByLocPrioVert
FNDA:72,(anonymous_5)
FNDA:72,(anonymous_6)
FNDA:72,(anonymous_7)
FNDA:72,(anonymous_8)
FNDA:72,getAllPossibleUnits
FNDA:0,getUnitUsingIdx
DA:1,1
DA:3,1
DA:8,2
DA:9,2
DA:10,20
DA:11,200
DA:12,128
DA:14,72
DA:15,72
DA:16,72
DA:19,2
DA:23,0
DA:24,0
DA:26,0
DA:27,0
DA:29,0
DA:33,72
DA:34,40
DA:36,32
DA:39,1
DA:40,72
DA:41,72
DA:42,72
DA:43,0
DA:45,72
DA:48,1
DA:49,72
DA:50,72
DA:51,72
DA:52,0
DA:54,72
DA:55,72
DA:56,0
DA:58,72
DA:63,72
DA:64,72
DA:66,0
DA:75,0
DA:76,0
DA:77,0
DA:78,0
DA:81,0
LF:42
LH:28
BRDA:11,0,0,128
BRDA:23,1,0,0
BRDA:23,2,0,0
BRDA:23,2,1,0
BRDA:26,3,0,0
BRDA:33,4,0,40
BRDA:33,5,0,72
BRDA:33,5,1,52
BRDA:42,6,0,0
BRDA:51,7,0,0
BRDA:55,8,0,0
BRDA:63,9,0,72
BRDA:63,10,0,72
BRDA:63,10,1,72
BRF:14
BRH:7
end_of_record
TN:
SF:src/chess/board.ts
FN:21,fenToBoard
FN:38,createBoard
FN:68,numNonExistentColsLeftN
FN:71,(anonymous_3)
FN:76,numNonExistentColsRightN
FN:79,(anonymous_5)
FN:84,addNesPaddingToRows
FN:90,(anonymous_7)
FN:95,addLRNesPaddingToRow
FN:109,(anonymous_9)
FN:127,addTBNesPaddingToRows
FN:142,(anonymous_11)
FNF:12
FNH:12
FNDA:2,fenToBoard
FNDA:2,createBoard
FNDA:2,numNonExistentColsLeftN
FNDA:16,(anonymous_3)
FNDA:2,numNonExistentColsRightN
FNDA:16,(anonymous_5)
FNDA:2,addNesPaddingToRows
FNDA:16,(anonymous_7)
FNDA:16,addLRNesPaddingToRow
FNDA:128,(anonymous_9)
FNDA:2,addTBNesPaddingToRows
FNDA:16,(anonymous_11)
DA:1,1
DA:8,1
DA:19,1
DA:21,1
DA:28,2
DA:29,2
DA:50,2
DA:56,2
DA:57,2
DA:69,2
DA:70,2
DA:71,16
DA:73,2
DA:77,2
DA:78,2
DA:79,16
DA:81,2
DA:90,16
DA:91,2
DA:92,2
DA:96,16
DA:97,16
DA:98,16
DA:99,16
DA:100,16
DA:101,0
DA:103,16
DA:109,16
DA:110,128
DA:112,16
DA:113,16
DA:114,16
DA:115,16
DA:116,0
DA:118,16
DA:124,16
DA:128,2
DA:129,2
DA:130,2
DA:131,2
DA:132,2
DA:134,2
DA:135,2
DA:136,2
DA:137,0
DA:139,2
DA:142,2
DA:143,16
DA:146,2
DA:147,2
DA:148,2
DA:149,0
DA:151,2
DA:153,2
LF:54
LH:50
BRDA:100,0,0,0
BRDA:115,1,0,0
BRDA:136,2,0,0
BRDA:148,3,0,0
BRF:4
BRH:0
end_of_record
TN:
SF:src/chess/extra.ts
FN:3,fenToTurn
FN:11,fenToCastlingRights
FN:30,fenToEnPassantTarget
FN:41,fenToHalfmoveClock
FN:49,fenToFullmoveNumber
FNF:5
FNH:5
FNDA:2,fenToTurn
FNDA:2,fenToCastlingRights
FNDA:2,fenToEnPassantTarget
FNDA:2,fenToHalfmoveClock
FNDA:2,fenToFullmoveNumber
DA:3,1
DA:4,2
DA:5,2
DA:6,0
DA:8,2
DA:11,1
DA:12,2
DA:13,2
DA:14,0
DA:21,2
DA:22,2
DA:30,1
DA:31,2
DA:32,2
DA:33,0
DA:35,2
DA:36,2
DA:38,0
DA:41,1
DA:42,2
DA:43,2
DA:44,0
DA:46,2
DA:49,1
DA:50,2
DA:51,2
DA:52,0
DA:54,2
LF:28
LH:22
BRDA:5,0,0,0
BRDA:13,1,0,0
BRDA:32,2,0,0
BRDA:35,3,0,2
BRDA:43,4,0,0
BRDA:51,5,0,0
BRF:6
BRH:1
end_of_record
TN:
SF:src/chess/index.ts
FN:31,(anonymous_0)
FN:53,(anonymous_1)
FN:58,(anonymous_2)
FN:63,(anonymous_3)
FN:68,(anonymous_4)
FN:72,(anonymous_5)
FN:76,(anonymous_6)
FN:80,(anonymous_7)
FN:92,(anonymous_8)
FN:94,(anonymous_9)
FN:103,(anonymous_10)
FN:113,(anonymous_11)
FN:133,(anonymous_12)
FNF:13
FNH:8
FNDA:2,(anonymous_0)
FNDA:0,(anonymous_1)
FNDA:0,(anonymous_2)
FNDA:0,(anonymous_3)
FNDA:0,(anonymous_4)
FNDA:0,(anonymous_5)
FNDA:2,(anonymous_6)
FNDA:2,(anonymous_7)
FNDA:2,(anonymous_8)
FNDA:20,(anonymous_9)
FNDA:16,(anonymous_10)
FNDA:160,(anonymous_11)
FNDA:2,(anonymous_12)
DA:1,1
DA:10,1
DA:11,1
DA:18,1
DA:19,1
DA:21,1
DA:29,2
DA:38,2
DA:45,2
DA:46,2
DA:47,2
DA:48,2
DA:49,2
DA:50,2
DA:55,0
DA:60,0
DA:65,0
DA:69,0
DA:73,0
DA:77,2
DA:81,2
DA:82,2
DA:83,2
DA:84,2
DA:85,2
DA:86,2
DA:87,0
DA:89,2
DA:93,2
DA:94,2
DA:95,20
DA:96,4
DA:98,16
DA:100,2
DA:104,16
DA:105,16
DA:106,2
DA:108,16
DA:109,16
DA:110,16
DA:112,16
DA:113,16
DA:114,160
DA:115,16
DA:117,160
DA:118,64
DA:120,96
DA:121,9
DA:122,9
DA:124,96
DA:127,16
DA:128,0
DA:130,16
DA:134,2
DA:135,2
DA:137,0
LF:56
LH:48
BRDA:32,0,0,0
BRDA:82,1,0,2
BRDA:83,2,0,2
BRDA:84,3,0,2
BRDA:85,4,0,2
BRDA:86,5,0,0
BRDA:95,6,0,4
BRDA:105,7,0,2
BRDA:109,8,0,16
BRDA:114,9,0,16
BRDA:114,10,0,160
BRDA:114,10,1,160
BRDA:117,11,0,64
BRDA:117,11,1,96
BRDA:120,12,0,9
BRDA:127,13,0,0
BRDA:134,14,0,2
BRF:17
BRH:14
end_of_record
TN:
SF:src/chess/notation.ts
FN:4,(anonymous_0)
FN:28,(anonymous_1)
FN:47,(anonymous_2)
FN:54,(anonymous_3)
FNF:4
FNH:4
FNDA:3,(anonymous_0)
FNDA:3,(anonymous_1)
FNDA:2,(anonymous_2)
FNDA:2,(anonymous_3)
DA:1,2
DA:4,2
DA:12,3
DA:13,1
DA:21,2
DA:22,2
DA:23,2
DA:25,2
DA:28,2
DA:30,3
DA:31,1
DA:37,2
DA:39,2
DA:47,2
DA:48,2
DA:49,1
DA:51,1
DA:54,2
DA:55,2
DA:56,1
DA:58,1
LF:21
LH:21
BRDA:12,0,0,1
BRDA:30,1,0,1
BRDA:48,2,0,1
BRDA:55,3,0,1
BRF:4
BRH:4
end_of_record
TN:
SF:src/chess/squares.ts
FN:9,modifiedFenToRawRows
FN:17,(anonymous_1)
FN:25,(anonymous_2)
FN:60,getFenStartRowIdx
FN:61,(anonymous_4)
FN:66,getFenStartColIdx
FN:85,getColumnNotation
FN:92,getFenColIdx
FN:100,createLocationToIdx
FN:103,(anonymous_9)
FN:104,(anonymous_10)
FN:115,areAllSqNonExistent
FN:116,(anonymous_12)
FN:119,numNonExistentRowsTopN
FN:123,numNonExistentRowsBottomN
FN:127,nonExistentRow
FNF:16
FNH:16
FNDA:2,modifiedFenToRawRows
FNDA:16,(anonymous_1)
FNDA:73,(anonymous_2)
FNDA:2,getFenStartRowIdx
FNDA:16,(anonymous_4)
FNDA:16,getFenStartColIdx
FNDA:200,getColumnNotation
FNDA:34,getFenColIdx
FNDA:2,createLocationToIdx
FNDA:20,(anonymous_9)
FNDA:200,(anonymous_10)
FNDA:28,areAllSqNonExistent
FNDA:80,(anonymous_12)
FNDA:2,numNonExistentRowsTopN
FNDA:2,numNonExistentRowsBottomN
FNDA:4,nonExistentRow
DA:1,1
DA:9,1
DA:11,2
DA:12,2
DA:14,2
DA:15,2
DA:17,2
DA:18,16
DA:19,16
DA:21,16
DA:22,16
DA:25,16
DA:26,73
DA:27,9
DA:28,9
DA:29,64
DA:34,64
DA:36,64
DA:37,0
DA:42,0
DA:44,64
DA:49,64
DA:53,16
DA:54,16
DA:57,2
DA:60,1
DA:61,16
DA:62,2
DA:63,0
DA:67,16
DA:68,16
DA:70,0
DA:71,0
DA:72,0
DA:74,0
DA:75,0
DA:76,0
DA:77,0
DA:78,0
DA:80,0
DA:82,0
DA:85,1
DA:86,200
DA:87,20
DA:89,180
DA:92,1
DA:93,34
DA:94,34
DA:95,32
DA:97,2
DA:100,1
DA:101,2
DA:103,2
DA:104,20
DA:105,200
DA:112,2
DA:115,1
DA:116,80
DA:119,1
DA:120,2
DA:123,1
DA:124,2
DA:127,1
DA:128,4
DA:129,4
DA:130,40
DA:131,40
DA:137,4
LF:68
LH:55
BRDA:19,0,0,0
BRDA:26,1,0,9
BRDA:26,1,1,64
BRDA:36,2,0,0
BRDA:36,2,1,64
BRDA:62,3,0,2
BRDA:68,4,0,16
BRDA:68,5,0,16
BRDA:68,5,1,0
BRDA:72,6,0,0
BRDA:76,7,0,0
BRDA:86,8,0,20
BRDA:94,9,0,32
BRF:13
BRH:8
end_of_record
TN:
SF:src/chess/types.ts
FN:48,(anonymous_0)
FN:53,(anonymous_1)
FNF:2
FNH:2
FNDA:2,(anonymous_0)
FNDA:2,(anonymous_1)
DA:1,2
DA:2,2
DA:48,2
DA:49,2
DA:50,2
DA:53,2
DA:54,2
DA:55,2
DA:56,2
DA:57,2
LF:10
LH:10
BRDA:48,0,0,2
BRDA:48,0,1,2
BRDA:53,1,0,2
BRDA:53,1,1,2
BRF:4
BRH:4
end_of_record
